<?xml version="1.0" encoding="UTF-8"?>
<testng-results skipped="0" failed="0" total="1" passed="1">
  <reporter-output>
  </reporter-output>
  <suite name="Suite" duration-ms="4874" started-at="2017-06-20T13:03:21Z" finished-at="2017-06-20T13:03:26Z">
    <groups>
    </groups>
    <test name="Test" duration-ms="4874" started-at="2017-06-20T13:03:21Z" finished-at="2017-06-20T13:03:26Z">
      <class name="com.test.automation.hrms.test_scripts.Test_admin_functionality">
        <test-method status="PASS" signature="test_admin()[pri:0, instance:com.test.automation.hrms.test_scripts.Test_admin_functionality@21ec5d87]" name="test_admin" duration-ms="3881" started-at="2017-06-20T18:33:22Z" finished-at="2017-06-20T18:33:26Z">
          <reporter-output>
          </reporter-output>
        </test-method> <!-- test_admin -->
      </class> <!-- com.test.automation.hrms.test_scripts.Test_admin_functionality -->
      <class name="com.test.automation.hrms.test_scripts.Test_before_test">
        <test-method status="PASS" signature="openapp()[pri:0, instance:com.test.automation.hrms.test_scripts.Test_before_test@1eba372c]" name="openapp" is-config="true" duration-ms="932" started-at="2017-06-20T18:33:21Z" finished-at="2017-06-20T18:33:22Z">
          <reporter-output>
          </reporter-output>
        </test-method> <!-- openapp -->
      </class> <!-- com.test.automation.hrms.test_scripts.Test_before_test -->
    </test> <!-- Test -->
  </suite> <!-- Suite -->
</testng-results>
